d:\arron\github\stage 3\csc3222 gaming simulations\csc3222 release 2020\csc3222\csc3222coursework 2020 2021\debug\vc142.pdb
d:\arron\github\stage 3\csc3222 gaming simulations\csc3222 release 2020\csc3222\csc3222coursework 2020 2021\debug\vc142.idb
d:\arron\github\stage 3\csc3222 gaming simulations\csc3222 release 2020\csc3222\csc3222coursework 2020 2021\debug\texturemanager.obj
d:\arron\github\stage 3\csc3222 gaming simulations\csc3222 release 2020\csc3222\csc3222coursework 2020 2021\debug\simobject.obj
d:\arron\github\stage 3\csc3222 gaming simulations\csc3222 release 2020\csc3222\csc3222coursework 2020 2021\debug\fruitwizardgame.obj
d:\arron\github\stage 3\csc3222 gaming simulations\csc3222 release 2020\csc3222\csc3222coursework 2020 2021\debug\rigidbody.obj
d:\arron\github\stage 3\csc3222 gaming simulations\csc3222 release 2020\csc3222\csc3222coursework 2020 2021\debug\playercharacter.obj
d:\arron\github\stage 3\csc3222 gaming simulations\csc3222 release 2020\csc3222\csc3222coursework 2020 2021\debug\spell.obj
d:\arron\github\stage 3\csc3222 gaming simulations\csc3222 release 2020\csc3222\csc3222coursework 2020 2021\debug\rectangle.obj
d:\arron\github\stage 3\csc3222 gaming simulations\csc3222 release 2020\csc3222\csc3222coursework 2020 2021\debug\gamesimsrenderer.obj
d:\arron\github\stage 3\csc3222 gaming simulations\csc3222 release 2020\csc3222\csc3222coursework 2020 2021\debug\gamesimsphysics.obj
d:\arron\github\stage 3\csc3222 gaming simulations\csc3222 release 2020\csc3222\csc3222coursework 2020 2021\debug\gamemap.obj
d:\arron\github\stage 3\csc3222 gaming simulations\csc3222 release 2020\csc3222\csc3222coursework 2020 2021\debug\fruit.obj
d:\arron\github\stage 3\csc3222 gaming simulations\csc3222 release 2020\csc3222\csc3222coursework 2020 2021\debug\csc3222.obj
d:\arron\github\stage 3\csc3222 gaming simulations\csc3222 release 2020\csc3222\csc3222coursework 2020 2021\debug\collisionvolume.obj
d:\arron\github\stage 3\csc3222 gaming simulations\csc3222 release 2020\csc3222\csc3222coursework 2020 2021\debug\pixiedust.obj
d:\arron\github\stage 3\csc3222 gaming simulations\csc3222 release 2020\csc3222\csc3222coursework 2020 2021\debug\pixie.obj
d:\arron\github\stage 3\csc3222 gaming simulations\csc3222 release 2020\csc3222\csc3222coursework 2020 2021\debug\guard.obj
d:\arron\github\stage 3\csc3222 gaming simulations\csc3222 release 2020\csc3222\csc3222coursework 2020 2021\debug\froggo.obj
d:\arron\github\stage 3\csc3222 gaming simulations\csc3222 release 2020\csc3222\csc3222coursework 2020 2021\debug\environment.obj
d:\arron\github\stage 3\csc3222 gaming simulations\csc3222 release 2020\csc3222\csc3222coursework 2020 2021\debug\circle.obj
d:\arron\github\stage 3\csc3222 gaming simulations\csc3222 release 2020\win32\debug\csc3222 2020.exe
d:\arron\github\stage 3\csc3222 gaming simulations\csc3222 release 2020\win32\debug\csc3222 2020.ilk
d:\arron\github\stage 3\csc3222 gaming simulations\csc3222 release 2020\win32\debug\csc3222 2020.pdb
d:\arron\github\stage 3\csc3222 gaming simulations\csc3222 release 2020\csc3222\csc3222coursework 2020 2021\debug\gamesimsrenderer.obj.enc
d:\arron\github\stage 3\csc3222 gaming simulations\csc3222 release 2020\csc3222\csc3222coursework 2020 2021\debug\pixie.obj.enc
d:\arron\github\stage 3\csc3222 gaming simulations\csc3222 release 2020\csc3222\csc3222coursework 2020 2021\debug\playercharacter.obj.enc
d:\arron\github\stage 3\csc3222 gaming simulations\csc3222 release 2020\csc3222\csc3222coursework 2020 2021\debug\csc3222 2020.tlog\cl.command.1.tlog
d:\arron\github\stage 3\csc3222 gaming simulations\csc3222 release 2020\csc3222\csc3222coursework 2020 2021\debug\csc3222 2020.tlog\cl.read.1.tlog
d:\arron\github\stage 3\csc3222 gaming simulations\csc3222 release 2020\csc3222\csc3222coursework 2020 2021\debug\csc3222 2020.tlog\cl.write.1.tlog
d:\arron\github\stage 3\csc3222 gaming simulations\csc3222 release 2020\csc3222\csc3222coursework 2020 2021\debug\csc3222 2020.tlog\link.command.1.tlog
d:\arron\github\stage 3\csc3222 gaming simulations\csc3222 release 2020\csc3222\csc3222coursework 2020 2021\debug\csc3222 2020.tlog\link.read.1.tlog
d:\arron\github\stage 3\csc3222 gaming simulations\csc3222 release 2020\csc3222\csc3222coursework 2020 2021\debug\csc3222 2020.tlog\link.write.1.tlog
